<?xml version="1.0" encoding="UTF-8"?>
<!-- Generated by org.testng.reporters.JUnitXMLReporter -->
<testsuite ignored="0" hostname="MAA2-5CG14145DJ" failures="1" tests="3" name="Error Validations Test" time="25.75" errors="0" timestamp="2024-06-15T21:31:29 IST">
  <testcase classname="amazon.tests.ErrorValidationsTest" name="LoginErrorValidation" time="0.683">
    <skipped/>
  </testcase> <!-- LoginErrorValidation -->
  <testcase classname="amazon.tests.ErrorValidationsTest" name="LoginErrorValidation" time="0.918">
    <failure type="java.lang.AssertionError" message="expected [Incorrect email or password.] but found [Incorrect email password.]">
      <![CDATA[java.lang.AssertionError: expected [Incorrect email or password.] but found [Incorrect email password.]
at amazon.tests.ErrorValidationsTest.LoginErrorValidation(ErrorValidationsTest.java:21)
at java.base/java.util.ArrayList.forEach(ArrayList.java:1596)
at java.base/java.util.concurrent.FutureTask.run(FutureTask.java:317)
at java.base/java.util.concurrent.ThreadPoolExecutor.runWorker(ThreadPoolExecutor.java:1144)
at java.base/java.util.concurrent.ThreadPoolExecutor$Worker.run(ThreadPoolExecutor.java:642)
at java.base/java.lang.Thread.run(Thread.java:1583)
... Removed 21 stack frames]]>
    </failure>
  </testcase> <!-- LoginErrorValidation -->
  <testcase classname="amazon.tests.ErrorValidationsTest" name="ProductErrorValidation" time="13.845"/>
</testsuite> <!-- Error Validations Test -->
